<?xml version="1.0" encoding="UTF-8"?>
<testng-results skipped="0" failed="1" total="3" passed="2">
  <reporter-output>
  </reporter-output>
  <suite name="com.chenzf.service.UserServiceTest" duration-ms="849" started-at="2020-11-04T15:00:23Z" finished-at="2020-11-04T15:00:24Z">
    <groups>
    </groups>
    <test name="Command line test" duration-ms="849" started-at="2020-11-04T15:00:23Z" finished-at="2020-11-04T15:00:24Z">
      <class name="com.chenzf.service.UserServiceTest">
        <test-method status="PASS" signature="springTestContextBeforeTestClass()[pri:0, instance:com.chenzf.service.UserServiceTest@14e1a0f]" name="springTestContextBeforeTestClass" is-config="true" duration-ms="6" started-at="2020-11-04T23:00:23Z" finished-at="2020-11-04T23:00:23Z">
          <reporter-output>
          </reporter-output>
        </test-method> <!-- springTestContextBeforeTestClass -->
        <test-method status="PASS" signature="springTestContextPrepareTestInstance()[pri:0, instance:com.chenzf.service.UserServiceTest@14e1a0f]" name="springTestContextPrepareTestInstance" is-config="true" duration-ms="627" started-at="2020-11-04T23:00:23Z" depends-on-methods="org.springframework.test.context.testng.AbstractTestNGSpringContextTests.springTestContextBeforeTestClass" finished-at="2020-11-04T23:00:24Z">
          <reporter-output>
          </reporter-output>
        </test-method> <!-- springTestContextPrepareTestInstance -->
        <test-method status="PASS" signature="springTestContextBeforeTestMethod(java.lang.reflect.Method)[pri:0, instance:com.chenzf.service.UserServiceTest@14e1a0f]" name="springTestContextBeforeTestMethod" is-config="true" duration-ms="150" started-at="2020-11-04T23:00:24Z" finished-at="2020-11-04T23:00:24Z">
          <params>
            <param index="0">
              <value>
                <![CDATA[public void com.chenzf.service.UserServiceTest.testFindUserByUserName()]]>
              </value>
            </param>
          </params>
          <reporter-output>
          </reporter-output>
        </test-method> <!-- springTestContextBeforeTestMethod -->
        <test-method status="PASS" signature="springTestContextBeforeTestMethod(java.lang.reflect.Method)[pri:0, instance:com.chenzf.service.UserServiceTest@14e1a0f]" name="springTestContextBeforeTestMethod" is-config="true" duration-ms="150" started-at="2020-11-04T23:00:24Z" finished-at="2020-11-04T23:00:24Z">
          <params>
            <param index="0">
              <value>
                <![CDATA[public void com.chenzf.service.UserServiceTest.testAddLoginLog()]]>
              </value>
            </param>
          </params>
          <reporter-output>
          </reporter-output>
        </test-method> <!-- springTestContextBeforeTestMethod -->
        <test-method status="PASS" signature="springTestContextBeforeTestMethod(java.lang.reflect.Method)[pri:0, instance:com.chenzf.service.UserServiceTest@14e1a0f]" name="springTestContextBeforeTestMethod" is-config="true" duration-ms="150" started-at="2020-11-04T23:00:24Z" finished-at="2020-11-04T23:00:24Z">
          <params>
            <param index="0">
              <value>
                <![CDATA[public void com.chenzf.service.UserServiceTest.testHasMatchUser()]]>
              </value>
            </param>
          </params>
          <reporter-output>
          </reporter-output>
        </test-method> <!-- springTestContextBeforeTestMethod -->
        <test-method status="PASS" signature="testAddLoginLog()[pri:0, instance:com.chenzf.service.UserServiceTest@14e1a0f]" name="testAddLoginLog" duration-ms="35" started-at="2020-11-04T23:00:24Z" finished-at="2020-11-04T23:00:24Z">
          <reporter-output>
          </reporter-output>
        </test-method> <!-- testAddLoginLog -->
        <test-method status="FAIL" signature="testHasMatchUser()[pri:0, instance:com.chenzf.service.UserServiceTest@14e1a0f]" name="testHasMatchUser" duration-ms="28" started-at="2020-11-04T23:00:24Z" finished-at="2020-11-04T23:00:24Z">
          <exception class="java.lang.AssertionError">
            <message>
              <![CDATA[expected [true] but found [false]]]>
            </message>
            <full-stacktrace>
              <![CDATA[java.lang.AssertionError: expected [true] but found [false]
	at org.testng.Assert.fail(Assert.java:94)
	at org.testng.Assert.failNotEquals(Assert.java:494)
	at org.testng.Assert.assertTrue(Assert.java:42)
	at org.testng.Assert.assertTrue(Assert.java:52)
	at com.chenzf.service.UserServiceTest.testHasMatchUser(UserServiceTest.java:39)
	at sun.reflect.NativeMethodAccessorImpl.invoke0(Native Method)
	at sun.reflect.NativeMethodAccessorImpl.invoke(NativeMethodAccessorImpl.java:62)
	at sun.reflect.DelegatingMethodAccessorImpl.invoke(DelegatingMethodAccessorImpl.java:43)
	at java.lang.reflect.Method.invoke(Method.java:497)
	at org.testng.internal.MethodInvocationHelper.invokeMethod(MethodInvocationHelper.java:84)
	at org.testng.internal.MethodInvocationHelper$1.runTestMethod(MethodInvocationHelper.java:200)
	at org.springframework.test.context.testng.AbstractTestNGSpringContextTests.run(AbstractTestNGSpringContextTests.java:175)
	at sun.reflect.NativeMethodAccessorImpl.invoke0(Native Method)
	at sun.reflect.NativeMethodAccessorImpl.invoke(NativeMethodAccessorImpl.java:62)
	at sun.reflect.DelegatingMethodAccessorImpl.invoke(DelegatingMethodAccessorImpl.java:43)
	at java.lang.reflect.Method.invoke(Method.java:497)
	at org.testng.internal.MethodInvocationHelper.invokeHookable(MethodInvocationHelper.java:212)
	at org.testng.internal.Invoker.invokeMethod(Invoker.java:707)
	at org.testng.internal.Invoker.invokeTestMethod(Invoker.java:901)
	at org.testng.internal.Invoker.invokeTestMethods(Invoker.java:1231)
	at org.testng.internal.TestMethodWorker.invokeTestMethods(TestMethodWorker.java:127)
	at org.testng.internal.TestMethodWorker.run(TestMethodWorker.java:111)
	at java.util.concurrent.ThreadPoolExecutor.runWorker(ThreadPoolExecutor.java:1142)
	at java.util.concurrent.ThreadPoolExecutor$Worker.run(ThreadPoolExecutor.java:617)
	at java.lang.Thread.run(Thread.java:745)
]]>
            </full-stacktrace>
          </exception> <!-- java.lang.AssertionError -->
          <reporter-output>
          </reporter-output>
        </test-method> <!-- testHasMatchUser -->
        <test-method status="PASS" signature="testFindUserByUserName()[pri:0, instance:com.chenzf.service.UserServiceTest@14e1a0f]" name="testFindUserByUserName" duration-ms="57" started-at="2020-11-04T23:00:24Z" finished-at="2020-11-04T23:00:24Z">
          <reporter-output>
          </reporter-output>
        </test-method> <!-- testFindUserByUserName -->
        <test-method status="PASS" signature="springTestContextAfterTestMethod(java.lang.reflect.Method)[pri:0, instance:com.chenzf.service.UserServiceTest@14e1a0f]" name="springTestContextAfterTestMethod" is-config="true" duration-ms="1" started-at="2020-11-04T23:00:24Z" finished-at="2020-11-04T23:00:24Z">
          <params>
            <param index="0">
              <value>
                <![CDATA[public void com.chenzf.service.UserServiceTest.testHasMatchUser()]]>
              </value>
            </param>
          </params>
          <reporter-output>
          </reporter-output>
        </test-method> <!-- springTestContextAfterTestMethod -->
        <test-method status="PASS" signature="springTestContextAfterTestMethod(java.lang.reflect.Method)[pri:0, instance:com.chenzf.service.UserServiceTest@14e1a0f]" name="springTestContextAfterTestMethod" is-config="true" duration-ms="1" started-at="2020-11-04T23:00:24Z" finished-at="2020-11-04T23:00:24Z">
          <params>
            <param index="0">
              <value>
                <![CDATA[public void com.chenzf.service.UserServiceTest.testAddLoginLog()]]>
              </value>
            </param>
          </params>
          <reporter-output>
          </reporter-output>
        </test-method> <!-- springTestContextAfterTestMethod -->
        <test-method status="PASS" signature="springTestContextAfterTestMethod(java.lang.reflect.Method)[pri:0, instance:com.chenzf.service.UserServiceTest@14e1a0f]" name="springTestContextAfterTestMethod" is-config="true" duration-ms="0" started-at="2020-11-04T23:00:24Z" finished-at="2020-11-04T23:00:24Z">
          <params>
            <param index="0">
              <value>
                <![CDATA[public void com.chenzf.service.UserServiceTest.testFindUserByUserName()]]>
              </value>
            </param>
          </params>
          <reporter-output>
          </reporter-output>
        </test-method> <!-- springTestContextAfterTestMethod -->
        <test-method status="PASS" signature="springTestContextAfterTestClass()[pri:0, instance:com.chenzf.service.UserServiceTest@14e1a0f]" name="springTestContextAfterTestClass" is-config="true" duration-ms="1" started-at="2020-11-04T23:00:24Z" finished-at="2020-11-04T23:00:24Z">
          <reporter-output>
          </reporter-output>
        </test-method> <!-- springTestContextAfterTestClass -->
      </class> <!-- com.chenzf.service.UserServiceTest -->
    </test> <!-- Command line test -->
  </suite> <!-- com.chenzf.service.UserServiceTest -->
</testng-results>
